2023-12-12 09:49:12,930 - DEBUG - This is a debug message
2023-12-12 09:49:12,931 - WARNING - This is a warning message
2023-12-12 09:49:12,931 - ERROR - This is an error message
2023-12-12 09:49:12,931 - CRITICAL - This is a critical message
2023-12-12 09:49:37,195 - DEBUG - This is a debug message
2023-12-12 09:49:37,195 - WARNING - This is a warning message
2023-12-12 09:49:37,195 - ERROR - This is an error message
2023-12-12 09:49:37,195 - CRITICAL - This is a critical message
2023-12-12 09:49:38,708 - INFO - OrderedDict([('robot0_joint_pos_cos', array([ 0.99993071,  0.97991965,  0.99993256, -0.85701928,  0.99994184,
       -0.98463066,  0.70671324])), ('robot0_joint_pos_sin', array([-0.01177179,  0.1993928 , -0.0116134 , -0.51528434,  0.01078487,
        0.17464956,  0.7075001 ])), ('robot0_joint_vel', array([ 0.01806116,  0.0021763 , -0.00134671,  0.03818225,  0.01231719,
       -0.00522733,  0.01615279])), ('robot0_eef_pos', array([-0.09005936, -0.01197484,  1.01753311])), ('robot0_eef_quat', array([ 9.96458751e-01, -1.66751766e-02,  8.24096897e-02,  7.34722048e-04])), ('robot0_gripper_qpos', array([ 0.02009309, -0.02008117])), ('robot0_gripper_qvel', array([-0.03305688,  0.03335169])), ('cube_pos', array([0.02659647, 0.01454507, 0.81907048])), ('cube_quat', array([3.00269001e-19, 7.39536127e-19, 9.26539758e-01, 3.76196859e-01])), ('gripper_to_cube_pos', array([-0.11665583, -0.02651991,  0.19846263])), ('robot0_proprio-state', array([ 9.99930710e-01,  9.79919646e-01,  9.99932562e-01, -8.57019284e-01,
        9.99941842e-01, -9.84630657e-01,  7.06713245e-01, -1.17717939e-02,
        1.99392798e-01, -1.16133974e-02, -5.15284336e-01,  1.07848705e-02,
        1.74649561e-01,  7.07500099e-01,  1.80611635e-02,  2.17630355e-03,
       -1.34670769e-03,  3.81822527e-02,  1.23171937e-02, -5.22732816e-03,
        1.61527858e-02, -9.00593568e-02, -1.19748393e-02,  1.01753311e+00,
        9.96458751e-01, -1.66751766e-02,  8.24096897e-02,  7.34722048e-04,
        2.00930944e-02, -2.00811657e-02, -3.30568802e-02,  3.33516909e-02])), ('object-state', array([ 2.65964740e-02,  1.45450738e-02,  8.19070481e-01,  3.00269001e-19,
        7.39536127e-19,  9.26539758e-01,  3.76196859e-01, -1.16655831e-01,
       -2.65199131e-02,  1.98462627e-01]))])
2023-12-12 09:49:38,758 - INFO - OrderedDict([('robot0_joint_pos_cos', array([ 0.99994386,  0.98006491,  0.99992291, -0.8564889 ,  0.99991284,
       -0.98464587,  0.70618362])), ('robot0_joint_pos_sin', array([-0.01059633,  0.19867756, -0.01241646, -0.51616544,  0.01320259,
        0.17456377,  0.70802873])), ('robot0_joint_vel', array([ 0.02851564, -0.03031097, -0.02994142,  0.00455696,  0.08087133,
        0.00722324,  0.01386774])), ('robot0_eef_pos', array([-0.08932604, -0.01194019,  1.01821213])), ('robot0_eef_quat', array([ 9.96361126e-01, -1.79332501e-02,  8.33227679e-02,  4.69953611e-04])), ('robot0_gripper_qpos', array([ 0.01914268, -0.01914563])), ('robot0_gripper_qvel', array([-0.0021131 ,  0.00198112])), ('cube_pos', array([0.02659647, 0.01454507, 0.8179576 ])), ('cube_quat', array([3.02316520e-18, 6.37195999e-18, 9.26539758e-01, 3.76196859e-01])), ('gripper_to_cube_pos', array([-0.11592251, -0.02648526,  0.20025453])), ('robot0_proprio-state', array([ 9.99943857e-01,  9.80064909e-01,  9.99922913e-01, -8.56488900e-01,
        9.99912842e-01, -9.84645870e-01,  7.06183624e-01, -1.05963269e-02,
        1.98677562e-01, -1.24164569e-02, -5.16165443e-01,  1.32025863e-02,
        1.74563771e-01,  7.08028735e-01,  2.85156431e-02, -3.03109706e-02,
       -2.99414165e-02,  4.55695667e-03,  8.08713306e-02,  7.22323574e-03,
        1.38677431e-02, -8.93260360e-02, -1.19401887e-02,  1.01821213e+00,
        9.96361126e-01, -1.79332501e-02,  8.33227679e-02,  4.69953611e-04,
        1.91426810e-02, -1.91456260e-02, -2.11309706e-03,  1.98112088e-03])), ('object-state', array([ 2.65964740e-02,  1.45450738e-02,  8.17957602e-01,  3.02316520e-18,
        6.37195999e-18,  9.26539758e-01,  3.76196859e-01, -1.15922510e-01,
       -2.64852625e-02,  2.00254529e-01]))])
2023-12-12 09:49:38,792 - INFO - OrderedDict([('robot0_joint_pos_cos', array([ 0.99996204,  0.98051303,  0.99988641, -0.85650524,  0.99988286,
       -0.98468873,  0.70519558])), ('robot0_joint_pos_sin', array([-0.00871354,  0.19645407, -0.01507206, -0.51613832,  0.01530604,
        0.17432186,  0.70901283])), ('robot0_joint_vel', array([ 0.0462513 , -0.05928576, -0.07436582, -0.00470802,  0.00750734,
        0.00253141,  0.04103561])), ('robot0_eef_pos', array([-0.08879891, -0.01249156,  1.01928337])), ('robot0_eef_quat', array([ 9.96218351e-01, -1.99996939e-02,  8.45508750e-02,  3.97961666e-04])), ('robot0_gripper_qpos', array([ 0.01987256, -0.01988979])), ('robot0_gripper_qvel', array([ 0.03335167, -0.03365911])), ('cube_pos', array([0.02659647, 0.01454507, 0.8192475 ])), ('cube_quat', array([5.66110156e-18, 1.28689651e-17, 9.26539758e-01, 3.76196859e-01])), ('gripper_to_cube_pos', array([-0.11539538, -0.02703664,  0.20003587])), ('robot0_proprio-state', array([ 9.99962036e-01,  9.80513028e-01,  9.99886410e-01, -8.56505245e-01,
        9.99882856e-01, -9.84688726e-01,  7.05195585e-01, -8.71354463e-03,
        1.96454071e-01, -1.50720644e-02, -5.16138321e-01,  1.53060424e-02,
        1.74321864e-01,  7.09012826e-01,  4.62512997e-02, -5.92857593e-02,
       -7.43658176e-02, -4.70801935e-03,  7.50733685e-03,  2.53141259e-03,
        4.10356103e-02, -8.87989098e-02, -1.24915634e-02,  1.01928337e+00,
        9.96218351e-01, -1.99996939e-02,  8.45508750e-02,  3.97961666e-04,
        1.98725582e-02, -1.98897939e-02,  3.33516653e-02, -3.36591060e-02])), ('object-state', array([ 2.65964740e-02,  1.45450738e-02,  8.19247503e-01,  5.66110156e-18,
        1.28689651e-17,  9.26539758e-01,  3.76196859e-01, -1.15395384e-01,
       -2.70366372e-02,  2.00035869e-01]))])
2023-12-12 09:49:38,824 - INFO - OrderedDict([('robot0_joint_pos_cos', array([ 0.99998077,  0.98118455,  0.99983532, -0.85674936,  0.99990295,
       -0.98475339,  0.7033169 ])), ('robot0_joint_pos_sin', array([-0.00620148,  0.19307219, -0.01814759, -0.51573301,  0.01393181,
        0.1739562 ,  0.71087646])), ('robot0_joint_vel', array([ 0.05407976, -0.07792682, -0.04924119, -0.01386002, -0.05919131,
        0.0120632 ,  0.06408123])), ('robot0_eef_pos', array([-0.08820814, -0.01283697,  1.02079044])), ('robot0_eef_quat', array([ 9.96057100e-01, -2.09538921e-02,  8.62010312e-02,  7.54880211e-04])), ('robot0_gripper_qpos', array([ 0.02084011, -0.02083109])), ('robot0_gripper_qvel', array([ 0.00222412, -0.00199811])), ('cube_pos', array([0.02659647, 0.01454507, 0.81986037])), ('cube_quat', array([1.10246210e-17, 2.60788414e-17, 9.26539758e-01, 3.76196859e-01])), ('gripper_to_cube_pos', array([-0.11480462, -0.02738205,  0.20093007])), ('robot0_proprio-state', array([ 9.99980771e-01,  9.81184555e-01,  9.99835319e-01, -8.56749356e-01,
        9.99902948e-01, -9.84753390e-01,  7.03316897e-01, -6.20148105e-03,
        1.93072188e-01, -1.81475887e-02, -5.15733014e-01,  1.39318136e-02,
        1.73956202e-01,  7.10876461e-01,  5.40797602e-02, -7.79268218e-02,
       -4.92411931e-02, -1.38600184e-02, -5.91913094e-02,  1.20631990e-02,
        6.40812329e-02, -8.82081431e-02, -1.28369717e-02,  1.02079044e+00,
        9.96057100e-01, -2.09538921e-02,  8.62010312e-02,  7.54880211e-04,
        2.08401121e-02, -2.08310858e-02,  2.22411508e-03, -1.99810511e-03])), ('object-state', array([ 2.65964740e-02,  1.45450738e-02,  8.19860369e-01,  1.10246210e-17,
        2.60788414e-17,  9.26539758e-01,  3.76196859e-01, -1.14804617e-01,
       -2.73820455e-02,  2.00930067e-01]))])
2023-12-12 09:49:38,855 - INFO - OrderedDict([('robot0_joint_pos_cos', array([ 0.99999563,  0.98214034,  0.99978213, -0.85785328,  0.99993218,
       -0.98481086,  0.70148746])), ('robot0_joint_pos_sin', array([-0.00295588,  0.18814979, -0.02087326, -0.51389469,  0.01164603,
        0.17363054,  0.7126818 ])), ('robot0_joint_vel', array([ 0.07503321, -0.1210059 , -0.05942687, -0.06963812, -0.03348369,
        0.00148233,  0.03949488])), ('robot0_eef_pos', array([-0.08808395, -0.01255912,  1.02249215])), ('robot0_eef_quat', array([ 0.9959177 , -0.02084051,  0.08781974,  0.0011369 ])), ('robot0_gripper_qpos', array([ 0.02011285, -0.02009856])), ('robot0_gripper_qvel', array([-0.03332416,  0.03340176])), ('cube_pos', array([0.02659647, 0.01454507, 0.82013806])), ('cube_quat', array([1.71462155e-17, 4.13746626e-17, 9.26539758e-01, 3.76196859e-01])), ('gripper_to_cube_pos', array([-0.11468043, -0.02710419,  0.20235409])), ('robot0_proprio-state', array([ 0.99999563,  0.98214034,  0.99978213, -0.85785328,  0.99993218,
       -0.98481086,  0.70148746, -0.00295588,  0.18814979, -0.02087326,
       -0.51389469,  0.01164603,  0.17363054,  0.7126818 ,  0.07503321,
       -0.1210059 , -0.05942687, -0.06963812, -0.03348369,  0.00148233,
        0.03949488, -0.08808395, -0.01255912,  1.02249215,  0.9959177 ,
       -0.02084051,  0.08781974,  0.0011369 ,  0.02011285, -0.02009856,
       -0.03332416,  0.03340176])), ('object-state', array([ 2.65964740e-02,  1.45450738e-02,  8.20138061e-01,  1.71462155e-17,
        4.13746626e-17,  9.26539758e-01,  3.76196859e-01, -1.14680427e-01,
       -2.71041940e-02,  2.02354087e-01]))])
2023-12-12 09:49:38,886 - INFO - OrderedDict([('robot0_joint_pos_cos', array([ 0.99999999,  0.98343185,  0.99974174, -0.86000366,  0.99996726,
       -0.98476939,  0.6995375 ])), ('robot0_joint_pos_sin', array([ 1.72946925e-04,  1.81278244e-01, -2.27255717e-02, -5.10287860e-01,
        8.09215589e-03,  1.73865625e-01,  7.14595894e-01])), ('robot0_joint_vel', array([ 0.05085005, -0.15726535, -0.01598361, -0.09702191, -0.10508697,
       -0.01087013,  0.06879997])), ('robot0_eef_pos', array([-0.08871101, -0.01182191,  1.02435633])), ('robot0_eef_quat', array([ 0.99582336, -0.01989086,  0.08909487,  0.00151403])), ('robot0_gripper_qpos', array([ 0.01917144, -0.01914127])), ('robot0_gripper_qvel', array([-0.00202777,  0.00213448])), ('cube_pos', array([0.02659647, 0.01454507, 0.82027008])), ('cube_quat', array([9.77795446e-18, 2.72386642e-17, 9.26539758e-01, 3.76196859e-01])), ('gripper_to_cube_pos', array([-0.11530749, -0.02636698,  0.20408625])), ('robot0_proprio-state', array([ 9.99999985e-01,  9.83431847e-01,  9.99741741e-01, -8.60003663e-01,
        9.99967258e-01, -9.84769386e-01,  6.99537496e-01,  1.72946925e-04,
        1.81278244e-01, -2.27255717e-02, -5.10287860e-01,  8.09215589e-03,
        1.73865625e-01,  7.14595894e-01,  5.08500499e-02, -1.57265354e-01,
       -1.59836103e-02, -9.70219144e-02, -1.05086969e-01, -1.08701330e-02,
        6.87999738e-02, -8.87110127e-02, -1.18219069e-02,  1.02435633e+00,
        9.95823361e-01, -1.98908603e-02,  8.90948687e-02,  1.51402870e-03,
        1.91714364e-02, -1.91412691e-02, -2.02776875e-03,  2.13447725e-03])), ('object-state', array([ 2.65964740e-02,  1.45450738e-02,  8.20270083e-01,  9.77795446e-18,
        2.72386642e-17,  9.26539758e-01,  3.76196859e-01, -1.15307487e-01,
       -2.63669807e-02,  2.04086249e-01]))])
2023-12-12 09:49:38,915 - INFO - OrderedDict([('robot0_joint_pos_cos', array([ 0.99999668,  0.98478911,  0.99972684, -0.86173773,  0.99999863,
       -0.98457953,  0.69726734])), ('robot0_joint_pos_sin', array([ 0.00257764,  0.17375386, -0.02337198, -0.50735401,  0.00165796,
        0.17493758,  0.71681118])), ('robot0_joint_vel', array([ 0.04547746, -0.14876597, -0.01004714, -0.04130235, -0.14968194,
       -0.03203011,  0.05855244])), ('robot0_eef_pos', array([-0.08900864, -0.0106494 ,  1.02666326])), ('robot0_eef_quat', array([ 0.99572755, -0.01755022,  0.09063244,  0.00209688])), ('robot0_gripper_qpos', array([ 0.01886887, -0.01884067])), ('robot0_gripper_qvel', array([-0.01997156,  0.01986058])), ('cube_pos', array([0.02659647, 0.01454507, 0.82033458])), ('cube_quat', array([1.50554045e-17, 3.98885508e-17, 9.26539758e-01, 3.76196859e-01])), ('gripper_to_cube_pos', array([-0.11560511, -0.02519448,  0.20632868])), ('robot0_proprio-state', array([ 0.99999668,  0.98478911,  0.99972684, -0.86173773,  0.99999863,
       -0.98457953,  0.69726734,  0.00257764,  0.17375386, -0.02337198,
       -0.50735401,  0.00165796,  0.17493758,  0.71681118,  0.04547746,
       -0.14876597, -0.01004714, -0.04130235, -0.14968194, -0.03203011,
        0.05855244, -0.08900864, -0.0106494 ,  1.02666326,  0.99572755,
       -0.01755022,  0.09063244,  0.00209688,  0.01886887, -0.01884067,
       -0.01997156,  0.01986058])), ('object-state', array([ 2.65964740e-02,  1.45450738e-02,  8.20334578e-01,  1.50554045e-17,
        3.98885508e-17,  9.26539758e-01,  3.76196859e-01, -1.15605113e-01,
       -2.51944759e-02,  2.06328678e-01]))])
2023-12-12 09:49:38,945 - INFO - OrderedDict([('robot0_joint_pos_cos', array([ 0.99998819,  0.98615555,  0.99969722, -0.86339265,  0.99998315,
       -0.98429145,  0.69493231])), ('robot0_joint_pos_sin', array([ 0.00485961,  0.16582287, -0.02460636, -0.50453259, -0.00580467,
        0.17655125,  0.71907516])), ('robot0_joint_vel', array([ 0.04569634, -0.17206625, -0.03832622, -0.0876264 , -0.14876696,
       -0.0335595 ,  0.0707238 ])), ('robot0_eef_pos', array([-0.08918913, -0.00974636,  1.02916133])), ('robot0_eef_quat', array([ 0.99562167, -0.01501171,  0.09221565,  0.00290075])), ('robot0_gripper_qpos', array([ 0.01834979, -0.01834329])), ('robot0_gripper_qvel', array([ 0.00094752, -0.00134991])), ('cube_pos', array([0.02659647, 0.01454507, 0.82036646])), ('cube_quat', array([1.22405732e-17, 3.18559478e-17, 9.26539758e-01, 3.76196859e-01])), ('gripper_to_cube_pos', array([-0.11578561, -0.02429143,  0.20879488])), ('robot0_proprio-state', array([ 9.99988192e-01,  9.86155554e-01,  9.99697218e-01, -8.63392646e-01,
        9.99983153e-01, -9.84291449e-01,  6.94932310e-01,  4.85960523e-03,
        1.65822868e-01, -2.46063599e-02, -5.04532595e-01, -5.80467119e-03,
        1.76551248e-01,  7.19075159e-01,  4.56963409e-02, -1.72066248e-01,
       -3.83262218e-02, -8.76264036e-02, -1.48766956e-01, -3.35594979e-02,
        7.07237967e-02, -8.91891324e-02, -9.74636106e-03,  1.02916133e+00,
        9.95621669e-01, -1.50117076e-02,  9.22156518e-02,  2.90074960e-03,
        1.83497911e-02, -1.83432865e-02,  9.47523293e-04, -1.34990939e-03])), ('object-state', array([ 2.65964740e-02,  1.45450738e-02,  8.20366456e-01,  1.22405732e-17,
        3.18559478e-17,  9.26539758e-01,  3.76196859e-01, -1.15785606e-01,
       -2.42914349e-02,  2.08794876e-01]))])
2023-12-12 09:49:38,980 - INFO - OrderedDict([('robot0_joint_pos_cos', array([ 0.99997417,  0.98749911,  0.99964932, -0.86557131,  0.99990532,
       -0.98401264,  0.69196439])), ('robot0_joint_pos_sin', array([ 0.00718746,  0.1576246 , -0.02648102, -0.50078569, -0.01376064,
        0.17809866,  0.72193164])), ('robot0_joint_vel', array([ 0.04736893, -0.16036555, -0.03665209, -0.08572049, -0.16830921,
       -0.02943534,  0.09323656])), ('robot0_eef_pos', array([-0.08990771, -0.00914135,  1.03141874])), ('robot0_eef_quat', array([ 0.9955349 , -0.01300346,  0.0934165 ,  0.00381191])), ('robot0_gripper_qpos', array([ 0.01822772, -0.01822521])), ('robot0_gripper_qvel', array([-0.01367691,  0.01367325])), ('cube_pos', array([0.02659647, 0.01454507, 0.8203823 ])), ('cube_quat', array([1.59533167e-17, 4.15798823e-17, 9.26539758e-01, 3.76196859e-01])), ('gripper_to_cube_pos', array([-0.11650418, -0.02368643,  0.21103644])), ('robot0_proprio-state', array([ 0.99997417,  0.98749911,  0.99964932, -0.86557131,  0.99990532,
       -0.98401264,  0.69196439,  0.00718746,  0.1576246 , -0.02648102,
       -0.50078569, -0.01376064,  0.17809866,  0.72193164,  0.04736893,
       -0.16036555, -0.03665209, -0.08572049, -0.16830921, -0.02943534,
        0.09323656, -0.08990771, -0.00914135,  1.03141874,  0.9955349 ,
       -0.01300346,  0.0934165 ,  0.00381191,  0.01822772, -0.01822521,
       -0.01367691,  0.01367325])), ('object-state', array([ 2.65964740e-02,  1.45450738e-02,  8.20382298e-01,  1.59533167e-17,
        4.15798823e-17,  9.26539758e-01,  3.76196859e-01, -1.16504182e-01,
       -2.36864271e-02,  2.11036440e-01]))])
2023-12-12 09:49:39,010 - INFO - OrderedDict([('robot0_joint_pos_cos', array([ 0.999955  ,  0.98880826,  0.99962637, -0.86770931,  0.99975448,
       -0.9836782 ,  0.68853734])), ('robot0_joint_pos_sin', array([ 0.00948689,  0.14919192, -0.0273336 , -0.49707197, -0.02215802,
        0.17993667,  0.72520089])), ('robot0_joint_vel', array([ 0.04485936, -0.18019527,  0.00064708, -0.08551797, -0.16759653,
       -0.04488801,  0.09618534])), ('robot0_eef_pos', array([-0.09062138, -0.00805099,  1.03372065])), ('robot0_eef_quat', array([ 0.99544747, -0.01064785,  0.09460118,  0.00464405])), ('robot0_gripper_qpos', array([ 0.0179258 , -0.01790916])), ('robot0_gripper_qvel', array([ 0.00408109, -0.00376558])), ('cube_pos', array([0.02659647, 0.01454507, 0.82039019])), ('cube_quat', array([1.33422909e-17, 3.80965557e-17, 9.26539758e-01, 3.76196859e-01])), ('gripper_to_cube_pos', array([-0.11721786, -0.02259606,  0.21333046])), ('robot0_proprio-state', array([ 9.99954998e-01,  9.88808259e-01,  9.99626367e-01, -8.67709313e-01,
        9.99754481e-01, -9.83678196e-01,  6.88537343e-01,  9.48688899e-03,
        1.49191915e-01, -2.73335981e-02, -4.97071974e-01, -2.21580162e-02,
        1.79936674e-01,  7.25200887e-01,  4.48593582e-02, -1.80195273e-01,
        6.47083419e-04, -8.55179656e-02, -1.67596533e-01, -4.48880116e-02,
        9.61853401e-02, -9.06213827e-02, -8.05098609e-03,  1.03372065e+00,
        9.95447473e-01, -1.06478453e-02,  9.46011848e-02,  4.64404577e-03,
        1.79257968e-02, -1.79091590e-02,  4.08108619e-03, -3.76557873e-03])), ('object-state', array([ 2.65964740e-02,  1.45450738e-02,  8.20390190e-01,  1.33422909e-17,
        3.80965557e-17,  9.26539758e-01,  3.76196859e-01, -1.17217857e-01,
       -2.25960599e-02,  2.13330461e-01]))])
